{"/mnt/d/User/Documents/GitHub/rbp-backend/src/app.roles.ts": {"path":"/mnt/d/User/Documents/GitHub/rbp-backend/src/app.roles.ts","statementMap":{"0":{"start":{"line":1,"column":0},"end":{"line":1,"column":51}},"1":{"start":{"line":3,"column":0},"end":{"line":3,"column":null}},"2":{"start":{"line":4,"column":2},"end":{"line":4,"column":null}},"3":{"start":{"line":5,"column":2},"end":{"line":5,"column":null}},"4":{"start":{"line":6,"column":2},"end":{"line":6,"column":null}},"5":{"start":{"line":7,"column":2},"end":{"line":7,"column":null}},"6":{"start":{"line":8,"column":2},"end":{"line":8,"column":null}},"7":{"start":{"line":9,"column":2},"end":{"line":9,"column":null}},"8":{"start":{"line":10,"column":2},"end":{"line":10,"column":null}},"9":{"start":{"line":11,"column":2},"end":{"line":11,"column":null}},"10":{"start":{"line":12,"column":2},"end":{"line":12,"column":null}},"11":{"start":{"line":15,"column":13},"end":{"line":15,"column":26}},"12":{"start":{"line":17,"column":13},"end":{"line":27,"column":2}},"13":{"start":{"line":29,"column":13},"end":{"line":29,"column":60}},"14":{"start":{"line":31,"column":0},"end":{"line":59,"column":null}}},"fnMap":{"0":{"name":"(anonymous_0)","decl":{"start":{"line":3,"column":0},"end":{"line":3,"column":12}},"loc":{"start":{"line":3,"column":17},"end":{"line":13,"column":1}}}},"branchMap":{"0":{"loc":{"start":{"line":3,"column":12},"end":{"line":3,"column":17}},"type":"binary-expr","locations":[{"start":{"line":3,"column":12},"end":{"line":3,"column":17}},{"start":{"line":3,"column":12},"end":{"line":3,"column":null}}]}},"s":{"0":4,"1":4,"2":4,"3":4,"4":4,"5":4,"6":4,"7":4,"8":4,"9":4,"10":4,"11":4,"12":4,"13":4,"14":4},"f":{"0":4},"b":{"0":[4,4]}}
,"/mnt/d/User/Documents/GitHub/rbp-backend/src/application/comment/comment.entity.ts": {"path":"/mnt/d/User/Documents/GitHub/rbp-backend/src/application/comment/comment.entity.ts","statementMap":{"0":{"start":{"line":1,"column":0},"end":{"line":1,"column":null}},"1":{"start":{"line":10,"column":0},"end":{"line":10,"column":46}},"2":{"start":{"line":13,"column":0},"end":{"line":28,"column":null}},"3":{"start":{"line":15,"column":2},"end":{"line":15,"column":null}},"4":{"start":{"line":18,"column":2},"end":{"line":18,"column":null}},"5":{"start":{"line":21,"column":2},"end":{"line":21,"column":null}},"6":{"start":{"line":20,"column":21},"end":{"line":20,"column":25}},"7":{"start":{"line":20,"column":35},"end":{"line":20,"column":48}},"8":{"start":{"line":24,"column":2},"end":{"line":24,"column":null}},"9":{"start":{"line":27,"column":2},"end":{"line":27,"column":null}},"10":{"start":{"line":13,"column":13},"end":{"line":28,"column":null}},"11":{"start":{"line":13,"column":13},"end":{"line":13,"column":20}}},"fnMap":{"0":{"name":"(anonymous_2)","decl":{"start":{"line":20,"column":13},"end":{"line":20,"column":17}},"loc":{"start":{"line":20,"column":21},"end":{"line":20,"column":25}}},"1":{"name":"(anonymous_3)","decl":{"start":{"line":20,"column":27},"end":{"line":20,"column":31}},"loc":{"start":{"line":20,"column":35},"end":{"line":20,"column":48}}}},"branchMap":{},"s":{"0":4,"1":4,"2":4,"3":4,"4":4,"5":4,"6":0,"7":0,"8":4,"9":4,"10":4,"11":4},"f":{"0":0,"1":0},"b":{}}
,"/mnt/d/User/Documents/GitHub/rbp-backend/src/article/article.entity.ts": {"path":"/mnt/d/User/Documents/GitHub/rbp-backend/src/article/article.entity.ts","statementMap":{"0":{"start":{"line":1,"column":0},"end":{"line":1,"column":124}},"1":{"start":{"line":2,"column":0},"end":{"line":2,"column":43}},"2":{"start":{"line":5,"column":0},"end":{"line":34,"column":null}},"3":{"start":{"line":7,"column":2},"end":{"line":7,"column":null}},"4":{"start":{"line":10,"column":2},"end":{"line":10,"column":null}},"5":{"start":{"line":13,"column":2},"end":{"line":13,"column":null}},"6":{"start":{"line":16,"column":2},"end":{"line":16,"column":null}},"7":{"start":{"line":19,"column":2},"end":{"line":19,"column":null}},"8":{"start":{"line":22,"column":2},"end":{"line":22,"column":null}},"9":{"start":{"line":25,"column":2},"end":{"line":25,"column":null}},"10":{"start":{"line":24,"column":21},"end":{"line":24,"column":25}},"11":{"start":{"line":24,"column":35},"end":{"line":24,"column":48}},"12":{"start":{"line":29,"column":2},"end":{"line":29,"column":null}},"13":{"start":{"line":33,"column":2},"end":{"line":33,"column":null}},"14":{"start":{"line":5,"column":13},"end":{"line":34,"column":null}},"15":{"start":{"line":5,"column":13},"end":{"line":5,"column":20}}},"fnMap":{"0":{"name":"(anonymous_2)","decl":{"start":{"line":24,"column":13},"end":{"line":24,"column":17}},"loc":{"start":{"line":24,"column":21},"end":{"line":24,"column":25}}},"1":{"name":"(anonymous_3)","decl":{"start":{"line":24,"column":27},"end":{"line":24,"column":31}},"loc":{"start":{"line":24,"column":35},"end":{"line":24,"column":48}}}},"branchMap":{},"s":{"0":4,"1":4,"2":4,"3":4,"4":4,"5":4,"6":4,"7":4,"8":4,"9":4,"10":0,"11":0,"12":4,"13":4,"14":4,"15":4},"f":{"0":0,"1":0},"b":{}}
,"/mnt/d/User/Documents/GitHub/rbp-backend/src/auth/auth.service.ts": {"path":"/mnt/d/User/Documents/GitHub/rbp-backend/src/auth/auth.service.ts","statementMap":{"0":{"start":{"line":1,"column":0},"end":{"line":1,"column":72}},"1":{"start":{"line":2,"column":0},"end":{"line":2,"column":51}},"2":{"start":{"line":4,"column":0},"end":{"line":4,"column":57}},"3":{"start":{"line":5,"column":0},"end":{"line":5,"column":36}},"4":{"start":{"line":7,"column":0},"end":{"line":7,"column":null}},"5":{"start":{"line":8,"column":2},"end":{"line":8,"column":null}},"6":{"start":{"line":12,"column":24},"end":{"line":70,"column":null}},"7":{"start":{"line":17,"column":21},"end":{"line":17,"column":34}},"8":{"start":{"line":18,"column":21},"end":{"line":18,"column":36}},"9":{"start":{"line":13,"column":19},"end":{"line":13,"column":65}},"10":{"start":{"line":22,"column":17},"end":{"line":22,"column":68}},"11":{"start":{"line":24,"column":4},"end":{"line":24,"column":32}},"12":{"start":{"line":26,"column":4},"end":{"line":26,"column":23}},"13":{"start":{"line":30,"column":4},"end":{"line":30,"column":71}},"14":{"start":{"line":40,"column":4},"end":{"line":68,"column":null}},"15":{"start":{"line":41,"column":19},"end":{"line":43,"column":null}},"16":{"start":{"line":46,"column":6},"end":{"line":51,"column":null}},"17":{"start":{"line":47,"column":8},"end":{"line":47,"column":40}},"18":{"start":{"line":48,"column":8},"end":{"line":48,"column":41}},"19":{"start":{"line":50,"column":8},"end":{"line":50,"column":33}},"20":{"start":{"line":53,"column":6},"end":{"line":62,"column":null}},"21":{"start":{"line":54,"column":21},"end":{"line":57,"column":null}},"22":{"start":{"line":59,"column":8},"end":{"line":59,"column":32}},"23":{"start":{"line":61,"column":8},"end":{"line":61,"column":20}},"24":{"start":{"line":64,"column":6},"end":{"line":66,"column":8}},"25":{"start":{"line":67,"column":6},"end":{"line":67,"column":30}},"26":{"start":{"line":12,"column":13},"end":{"line":70,"column":null}},"27":{"start":{"line":16,"column":29},"end":{"line":16,"column":40}},"28":{"start":{"line":12,"column":13},"end":{"line":12,"column":24}}},"fnMap":{"0":{"name":"(anonymous_4)","decl":{"start":{"line":7,"column":0},"end":{"line":7,"column":12}},"loc":{"start":{"line":7,"column":20},"end":{"line":9,"column":1}}},"1":{"name":"(anonymous_5)","decl":{"start":{"line":15,"column":2},"end":{"line":15,"column":null}},"loc":{"start":{"line":18,"column":49},"end":{"line":19,"column":6}}},"2":{"name":"(anonymous_6)","decl":{"start":{"line":21,"column":2},"end":{"line":21,"column":7}},"loc":{"start":{"line":21,"column":27},"end":{"line":27,"column":3}}},"3":{"name":"(anonymous_7)","decl":{"start":{"line":29,"column":2},"end":{"line":29,"column":11}},"loc":{"start":{"line":29,"column":22},"end":{"line":31,"column":3}}},"4":{"name":"(anonymous_8)","decl":{"start":{"line":33,"column":2},"end":{"line":33,"column":7}},"loc":{"start":{"line":38,"column":22},"end":{"line":69,"column":3}}},"5":{"name":"(anonymous_9)","decl":{"start":{"line":16,"column":23},"end":{"line":16,"column":26}},"loc":{"start":{"line":16,"column":29},"end":{"line":16,"column":40}}}},"branchMap":{"0":{"loc":{"start":{"line":7,"column":12},"end":{"line":7,"column":20}},"type":"binary-expr","locations":[{"start":{"line":7,"column":12},"end":{"line":7,"column":20}},{"start":{"line":7,"column":12},"end":{"line":7,"column":null}}]},"1":{"loc":{"start":{"line":46,"column":6},"end":{"line":51,"column":null}},"type":"if","locations":[{"start":{"line":46,"column":6},"end":{"line":51,"column":null}},{"start":{"line":46,"column":6},"end":{"line":51,"column":null}}]},"2":{"loc":{"start":{"line":53,"column":6},"end":{"line":62,"column":null}},"type":"if","locations":[{"start":{"line":53,"column":6},"end":{"line":62,"column":null}},{"start":{"line":53,"column":6},"end":{"line":62,"column":null}}]}},"s":{"0":4,"1":4,"2":4,"3":4,"4":4,"5":4,"6":4,"7":0,"8":0,"9":0,"10":0,"11":0,"12":0,"13":0,"14":0,"15":0,"16":0,"17":0,"18":0,"19":0,"20":0,"21":0,"22":0,"23":0,"24":0,"25":0,"26":4,"27":0,"28":4},"f":{"0":4,"1":0,"2":0,"3":0,"4":0,"5":0},"b":{"0":[4,4],"1":[0,0],"2":[0,0]}}
,"/mnt/d/User/Documents/GitHub/rbp-backend/src/auth/guards/compose.guard.ts": {"path":"/mnt/d/User/Documents/GitHub/rbp-backend/src/auth/guards/compose.guard.ts","statementMap":{"0":{"start":{"line":1,"column":0},"end":{"line":1,"column":75}},"1":{"start":{"line":3,"column":0},"end":{"line":3,"column":39}},"2":{"start":{"line":4,"column":0},"end":{"line":4,"column":47}},"3":{"start":{"line":13,"column":0},"end":{"line":22,"column":null}},"4":{"start":{"line":14,"column":22},"end":{"line":14,"column":32}},"5":{"start":{"line":14,"column":50},"end":{"line":14,"column":64}},"6":{"start":{"line":17,"column":4},"end":{"line":20,"column":6}},"7":{"start":{"line":13,"column":13},"end":{"line":22,"column":null}},"8":{"start":{"line":13,"column":13},"end":{"line":13,"column":25}}},"fnMap":{"0":{"name":"(anonymous_2)","decl":{"start":{"line":14,"column":2},"end":{"line":14,"column":22}},"loc":{"start":{"line":14,"column":76},"end":{"line":14,"column":80}}},"1":{"name":"(anonymous_3)","decl":{"start":{"line":16,"column":2},"end":{"line":16,"column":7}},"loc":{"start":{"line":16,"column":41},"end":{"line":21,"column":3}}}},"branchMap":{"0":{"loc":{"start":{"line":18,"column":6},"end":{"line":18,"column":42}},"type":"binary-expr","locations":[{"start":{"line":18,"column":6},"end":{"line":18,"column":42}},{"start":{"line":19,"column":6},"end":{"line":19,"column":46}}]}},"s":{"0":1,"1":1,"2":1,"3":1,"4":0,"5":0,"6":0,"7":1,"8":1},"f":{"0":0,"1":0},"b":{"0":[0,0]}}
,"/mnt/d/User/Documents/GitHub/rbp-backend/src/auth/guards/control.guard.ts": {"path":"/mnt/d/User/Documents/GitHub/rbp-backend/src/auth/guards/control.guard.ts","statementMap":{"0":{"start":{"line":1,"column":0},"end":{"line":1,"column":46}},"1":{"start":{"line":2,"column":0},"end":{"line":2,"column":82}},"2":{"start":{"line":9,"column":0},"end":{"line":17,"column":null}},"3":{"start":{"line":11,"column":4},"end":{"line":15,"column":null}},"4":{"start":{"line":12,"column":6},"end":{"line":12,"column":53}},"5":{"start":{"line":14,"column":6},"end":{"line":14,"column":37}},"6":{"start":{"line":9,"column":13},"end":{"line":17,"column":null}},"7":{"start":{"line":9,"column":13},"end":{"line":9,"column":25}}},"fnMap":{"0":{"name":"(anonymous_1)","decl":{"start":{"line":10,"column":2},"end":{"line":10,"column":7}},"loc":{"start":{"line":10,"column":41},"end":{"line":16,"column":3}}}},"branchMap":{},"s":{"0":1,"1":1,"2":1,"3":0,"4":0,"5":0,"6":1,"7":1},"f":{"0":0},"b":{}}
,"/mnt/d/User/Documents/GitHub/rbp-backend/src/auth/guards/jwt.guard.ts": {"path":"/mnt/d/User/Documents/GitHub/rbp-backend/src/auth/guards/jwt.guard.ts","statementMap":{"0":{"start":{"line":1,"column":0},"end":{"line":1,"column":85}},"1":{"start":{"line":2,"column":0},"end":{"line":2,"column":45}},"2":{"start":{"line":9,"column":0},"end":{"line":17,"column":null}},"3":{"start":{"line":11,"column":4},"end":{"line":15,"column":null}},"4":{"start":{"line":12,"column":6},"end":{"line":12,"column":53}},"5":{"start":{"line":14,"column":6},"end":{"line":14,"column":40}},"6":{"start":{"line":9,"column":13},"end":{"line":17,"column":null}},"7":{"start":{"line":9,"column":13},"end":{"line":9,"column":21}}},"fnMap":{"0":{"name":"(anonymous_1)","decl":{"start":{"line":10,"column":2},"end":{"line":10,"column":7}},"loc":{"start":{"line":10,"column":41},"end":{"line":16,"column":3}}}},"branchMap":{},"s":{"0":1,"1":1,"2":1,"3":0,"4":0,"5":0,"6":1,"7":1},"f":{"0":0},"b":{}}
,"/mnt/d/User/Documents/GitHub/rbp-backend/src/config/config.service.ts": {"path":"/mnt/d/User/Documents/GitHub/rbp-backend/src/config/config.service.ts","statementMap":{"0":{"start":{"line":1,"column":0},"end":{"line":1,"column":44}},"1":{"start":{"line":2,"column":0},"end":{"line":2,"column":26}},"2":{"start":{"line":5,"column":0},"end":{"line":15,"column":null}},"3":{"start":{"line":9,"column":4},"end":{"line":9,"column":31}},"4":{"start":{"line":13,"column":4},"end":{"line":13,"column":28}},"5":{"start":{"line":5,"column":13},"end":{"line":15,"column":null}},"6":{"start":{"line":5,"column":13},"end":{"line":5,"column":26}}},"fnMap":{"0":{"name":"(anonymous_2)","decl":{"start":{"line":8,"column":2},"end":{"line":8,"column":null}},"loc":{"start":{"line":8,"column":2},"end":{"line":10,"column":3}}},"1":{"name":"(anonymous_3)","decl":{"start":{"line":12,"column":2},"end":{"line":12,"column":5}},"loc":{"start":{"line":12,"column":17},"end":{"line":14,"column":3}}}},"branchMap":{},"s":{"0":5,"1":5,"2":5,"3":1,"4":0,"5":5,"6":5},"f":{"0":1,"1":0},"b":{}}
,"/mnt/d/User/Documents/GitHub/rbp-backend/src/user/user.controller.ts": {"path":"/mnt/d/User/Documents/GitHub/rbp-backend/src/user/user.controller.ts","statementMap":{"0":{"start":{"line":1,"column":0},"end":{"line":1,"column":85}},"1":{"start":{"line":2,"column":0},"end":{"line":2,"column":45}},"2":{"start":{"line":3,"column":0},"end":{"line":3,"column":37}},"3":{"start":{"line":4,"column":0},"end":{"line":4,"column":47}},"4":{"start":{"line":5,"column":0},"end":{"line":5,"column":39}},"5":{"start":{"line":6,"column":0},"end":{"line":6,"column":60}},"6":{"start":{"line":7,"column":0},"end":{"line":7,"column":54}},"7":{"start":{"line":11,"column":0},"end":{"line":39,"column":null}},"8":{"start":{"line":12,"column":31},"end":{"line":12,"column":44}},"9":{"start":{"line":20,"column":4},"end":{"line":20,"column":48}},"10":{"start":{"line":25,"column":4},"end":{"line":25,"column":45}},"11":{"start":{"line":31,"column":4},"end":{"line":31,"column":40}},"12":{"start":{"line":37,"column":4},"end":{"line":37,"column":59}},"13":{"start":{"line":16,"column":2},"end":{"line":21,"column":null}},"14":{"start":{"line":24,"column":2},"end":{"line":26,"column":null}},"15":{"start":{"line":30,"column":2},"end":{"line":32,"column":null}},"16":{"start":{"line":36,"column":2},"end":{"line":38,"column":null}},"17":{"start":{"line":11,"column":13},"end":{"line":39,"column":null}},"18":{"start":{"line":11,"column":13},"end":{"line":11,"column":27}}},"fnMap":{"0":{"name":"(anonymous_4)","decl":{"start":{"line":12,"column":2},"end":{"line":12,"column":31}},"loc":{"start":{"line":12,"column":55},"end":{"line":12,"column":59}}},"1":{"name":"(anonymous_5)","decl":{"start":{"line":16,"column":2},"end":{"line":16,"column":9}},"loc":{"start":{"line":18,"column":32},"end":{"line":21,"column":3}}},"2":{"name":"(anonymous_6)","decl":{"start":{"line":24,"column":2},"end":{"line":24,"column":8}},"loc":{"start":{"line":24,"column":26},"end":{"line":26,"column":3}}},"3":{"name":"(anonymous_7)","decl":{"start":{"line":30,"column":2},"end":{"line":30,"column":9}},"loc":{"start":{"line":30,"column":33},"end":{"line":32,"column":3}}},"4":{"name":"(anonymous_8)","decl":{"start":{"line":36,"column":2},"end":{"line":36,"column":8}},"loc":{"start":{"line":36,"column":64},"end":{"line":38,"column":3}}}},"branchMap":{},"s":{"0":1,"1":1,"2":1,"3":1,"4":1,"5":1,"6":1,"7":1,"8":1,"9":1,"10":0,"11":0,"12":0,"13":1,"14":1,"15":1,"16":1,"17":1,"18":1},"f":{"0":1,"1":1,"2":0,"3":0,"4":0},"b":{}}
,"/mnt/d/User/Documents/GitHub/rbp-backend/src/user/user.decorator.ts": {"path":"/mnt/d/User/Documents/GitHub/rbp-backend/src/user/user.decorator.ts","statementMap":{"0":{"start":{"line":1,"column":0},"end":{"line":1,"column":54}},"1":{"start":{"line":3,"column":13},"end":{"line":3,"column":65}},"2":{"start":{"line":3,"column":55},"end":{"line":3,"column":63}}},"fnMap":{"0":{"name":"(anonymous_0)","decl":{"start":{"line":3,"column":40},"end":{"line":3,"column":41}},"loc":{"start":{"line":3,"column":55},"end":{"line":3,"column":63}}}},"branchMap":{},"s":{"0":1,"1":1,"2":0},"f":{"0":0},"b":{}}
,"/mnt/d/User/Documents/GitHub/rbp-backend/src/user/user.entity.ts": {"path":"/mnt/d/User/Documents/GitHub/rbp-backend/src/user/user.entity.ts","statementMap":{"0":{"start":{"line":1,"column":0},"end":{"line":1,"column":null}},"1":{"start":{"line":12,"column":0},"end":{"line":12,"column":37}},"2":{"start":{"line":13,"column":0},"end":{"line":13,"column":52}},"3":{"start":{"line":14,"column":0},"end":{"line":14,"column":64}},"4":{"start":{"line":15,"column":0},"end":{"line":15,"column":67}},"5":{"start":{"line":18,"column":0},"end":{"line":72,"column":null}},"6":{"start":{"line":20,"column":2},"end":{"line":20,"column":null}},"7":{"start":{"line":23,"column":2},"end":{"line":23,"column":null}},"8":{"start":{"line":26,"column":2},"end":{"line":26,"column":null}},"9":{"start":{"line":29,"column":2},"end":{"line":29,"column":null}},"10":{"start":{"line":32,"column":2},"end":{"line":32,"column":null}},"11":{"start":{"line":35,"column":2},"end":{"line":35,"column":null}},"12":{"start":{"line":38,"column":2},"end":{"line":38,"column":null}},"13":{"start":{"line":41,"column":2},"end":{"line":41,"column":null}},"14":{"start":{"line":45,"column":2},"end":{"line":45,"column":null}},"15":{"start":{"line":49,"column":2},"end":{"line":49,"column":null}},"16":{"start":{"line":52,"column":2},"end":{"line":52,"column":null}},"17":{"start":{"line":59,"column":2},"end":{"line":59,"column":null}},"18":{"start":{"line":58,"column":21},"end":{"line":58,"column":28}},"19":{"start":{"line":58,"column":41},"end":{"line":58,"column":55}},"20":{"start":{"line":62,"column":2},"end":{"line":62,"column":null}},"21":{"start":{"line":61,"column":21},"end":{"line":61,"column":28}},"22":{"start":{"line":61,"column":41},"end":{"line":61,"column":55}},"23":{"start":{"line":66,"column":2},"end":{"line":66,"column":null}},"24":{"start":{"line":64,"column":20},"end":{"line":64,"column":29}},"25":{"start":{"line":71,"column":2},"end":{"line":71,"column":null}},"26":{"start":{"line":68,"column":21},"end":{"line":68,"column":30}},"27":{"start":{"line":68,"column":45},"end":{"line":68,"column":62}},"28":{"start":{"line":18,"column":13},"end":{"line":72,"column":null}},"29":{"start":{"line":18,"column":13},"end":{"line":18,"column":17}}},"fnMap":{"0":{"name":"(anonymous_2)","decl":{"start":{"line":58,"column":13},"end":{"line":58,"column":17}},"loc":{"start":{"line":58,"column":21},"end":{"line":58,"column":28}}},"1":{"name":"(anonymous_3)","decl":{"start":{"line":58,"column":30},"end":{"line":58,"column":37}},"loc":{"start":{"line":58,"column":41},"end":{"line":58,"column":55}}},"2":{"name":"(anonymous_4)","decl":{"start":{"line":61,"column":13},"end":{"line":61,"column":17}},"loc":{"start":{"line":61,"column":21},"end":{"line":61,"column":28}}},"3":{"name":"(anonymous_5)","decl":{"start":{"line":61,"column":30},"end":{"line":61,"column":37}},"loc":{"start":{"line":61,"column":41},"end":{"line":61,"column":55}}},"4":{"name":"(anonymous_6)","decl":{"start":{"line":64,"column":12},"end":{"line":64,"column":16}},"loc":{"start":{"line":64,"column":20},"end":{"line":64,"column":29}}},"5":{"name":"(anonymous_7)","decl":{"start":{"line":68,"column":13},"end":{"line":68,"column":17}},"loc":{"start":{"line":68,"column":21},"end":{"line":68,"column":30}}},"6":{"name":"(anonymous_8)","decl":{"start":{"line":68,"column":32},"end":{"line":68,"column":41}},"loc":{"start":{"line":68,"column":45},"end":{"line":68,"column":62}}}},"branchMap":{},"s":{"0":4,"1":4,"2":4,"3":4,"4":4,"5":4,"6":4,"7":4,"8":4,"9":4,"10":4,"11":4,"12":4,"13":4,"14":4,"15":4,"16":4,"17":4,"18":0,"19":0,"20":4,"21":0,"22":0,"23":4,"24":0,"25":4,"26":0,"27":0,"28":4,"29":4},"f":{"0":0,"1":0,"2":0,"3":0,"4":0,"5":0,"6":0},"b":{}}
,"/mnt/d/User/Documents/GitHub/rbp-backend/src/user/user.service.ts": {"path":"/mnt/d/User/Documents/GitHub/rbp-backend/src/user/user.service.ts","statementMap":{"0":{"start":{"line":1,"column":0},"end":{"line":1,"column":65}},"1":{"start":{"line":2,"column":0},"end":{"line":2,"column":51}},"2":{"start":{"line":3,"column":0},"end":{"line":3,"column":37}},"3":{"start":{"line":4,"column":0},"end":{"line":4,"column":37}},"4":{"start":{"line":5,"column":0},"end":{"line":5,"column":48}},"5":{"start":{"line":10,"column":0},"end":{"line":66,"column":null}},"6":{"start":{"line":13,"column":21},"end":{"line":13,"column":37}},"7":{"start":{"line":17,"column":4},"end":{"line":17,"column":78}},"8":{"start":{"line":24,"column":28},"end":{"line":28,"column":6}},"9":{"start":{"line":30,"column":4},"end":{"line":30,"column":29}},"10":{"start":{"line":34,"column":4},"end":{"line":34,"column":49}},"11":{"start":{"line":38,"column":4},"end":{"line":38,"column":57}},"12":{"start":{"line":42,"column":4},"end":{"line":42,"column":26}},"13":{"start":{"line":43,"column":4},"end":{"line":45,"column":null}},"14":{"start":{"line":44,"column":6},"end":{"line":44,"column":77}},"15":{"start":{"line":47,"column":4},"end":{"line":47,"column":36}},"16":{"start":{"line":51,"column":4},"end":{"line":56,"column":17}},"17":{"start":{"line":60,"column":17},"end":{"line":60,"column":60}},"18":{"start":{"line":62,"column":19},"end":{"line":62,"column":71}},"19":{"start":{"line":64,"column":4},"end":{"line":64,"column":50}},"20":{"start":{"line":10,"column":13},"end":{"line":66,"column":null}},"21":{"start":{"line":10,"column":13},"end":{"line":10,"column":24}}},"fnMap":{"0":{"name":"(anonymous_4)","decl":{"start":{"line":11,"column":2},"end":{"line":11,"column":null}},"loc":{"start":{"line":13,"column":53},"end":{"line":14,"column":6}}},"1":{"name":"(anonymous_5)","decl":{"start":{"line":16,"column":2},"end":{"line":16,"column":8}},"loc":{"start":{"line":16,"column":69},"end":{"line":18,"column":3}}},"2":{"name":"(anonymous_6)","decl":{"start":{"line":20,"column":2},"end":{"line":20,"column":7}},"loc":{"start":{"line":22,"column":20},"end":{"line":31,"column":3}}},"3":{"name":"(anonymous_7)","decl":{"start":{"line":33,"column":2},"end":{"line":33,"column":9}},"loc":{"start":{"line":33,"column":20},"end":{"line":35,"column":3}}},"4":{"name":"(anonymous_8)","decl":{"start":{"line":37,"column":2},"end":{"line":37,"column":21}},"loc":{"start":{"line":37,"column":41},"end":{"line":39,"column":3}}},"5":{"name":"(anonymous_9)","decl":{"start":{"line":41,"column":2},"end":{"line":41,"column":21}},"loc":{"start":{"line":41,"column":62},"end":{"line":48,"column":3}}},"6":{"name":"(anonymous_10)","decl":{"start":{"line":50,"column":2},"end":{"line":50,"column":28}},"loc":{"start":{"line":50,"column":28},"end":{"line":57,"column":5}}},"7":{"name":"(anonymous_11)","decl":{"start":{"line":59,"column":2},"end":{"line":59,"column":7}},"loc":{"start":{"line":59,"column":55},"end":{"line":65,"column":3}}}},"branchMap":{"0":{"loc":{"start":{"line":21,"column":19},"end":{"line":21,"column":22}},"type":"default-arg","locations":[{"start":{"line":21,"column":19},"end":{"line":21,"column":22}}]},"1":{"loc":{"start":{"line":22,"column":19},"end":{"line":22,"column":20}},"type":"default-arg","locations":[{"start":{"line":22,"column":19},"end":{"line":22,"column":20}}]},"2":{"loc":{"start":{"line":43,"column":4},"end":{"line":45,"column":null}},"type":"if","locations":[{"start":{"line":43,"column":4},"end":{"line":45,"column":null}},{"start":{"line":43,"column":4},"end":{"line":45,"column":null}}]}},"s":{"0":3,"1":3,"2":3,"3":3,"4":3,"5":3,"6":0,"7":0,"8":0,"9":0,"10":0,"11":0,"12":0,"13":0,"14":0,"15":0,"16":0,"17":0,"18":0,"19":0,"20":3,"21":3},"f":{"0":0,"1":0,"2":0,"3":0,"4":0,"5":0,"6":0,"7":0},"b":{"0":[0],"1":[0],"2":[0,0]}}
,"/mnt/d/User/Documents/GitHub/rbp-backend/src/user/dto/update-user.dto.ts": {"path":"/mnt/d/User/Documents/GitHub/rbp-backend/src/user/dto/update-user.dto.ts","statementMap":{"0":{"start":{"line":1,"column":0},"end":{"line":1,"column":45}},"1":{"start":{"line":5,"column":2},"end":{"line":5,"column":null}},"2":{"start":{"line":8,"column":2},"end":{"line":8,"column":null}},"3":{"start":{"line":3,"column":0},"end":{"line":3,"column":13}}},"fnMap":{},"branchMap":{},"s":{"0":2,"1":2,"2":2,"3":2},"f":{},"b":{}}
,"/mnt/d/User/Documents/GitHub/rbp-backend/src/warcraft/blizzard/exceptions/character-conflict.exception.ts": {"path":"/mnt/d/User/Documents/GitHub/rbp-backend/src/warcraft/blizzard/exceptions/character-conflict.exception.ts","statementMap":{"0":{"start":{"line":1,"column":0},"end":{"line":1,"column":51}},"1":{"start":{"line":5,"column":4},"end":{"line":5,"column":80}},"2":{"start":{"line":3,"column":0},"end":{"line":3,"column":13}}},"fnMap":{"0":{"name":"(anonymous_0)","decl":{"start":{"line":4,"column":2},"end":{"line":4,"column":14}},"loc":{"start":{"line":4,"column":41},"end":{"line":6,"column":3}}}},"branchMap":{},"s":{"0":4,"1":0,"2":4},"f":{"0":0},"b":{}}
,"/mnt/d/User/Documents/GitHub/rbp-backend/src/warcraft/character/character.entity.ts": {"path":"/mnt/d/User/Documents/GitHub/rbp-backend/src/warcraft/character/character.entity.ts","statementMap":{"0":{"start":{"line":1,"column":0},"end":{"line":1,"column":null}},"1":{"start":{"line":10,"column":0},"end":{"line":10,"column":46}},"2":{"start":{"line":12,"column":0},"end":{"line":12,"column":97}},"3":{"start":{"line":13,"column":0},"end":{"line":13,"column":53}},"4":{"start":{"line":19,"column":0},"end":{"line":239,"column":null}},"5":{"start":{"line":21,"column":4},"end":{"line":21,"column":12}},"6":{"start":{"line":23,"column":4},"end":{"line":23,"column":21}},"7":{"start":{"line":24,"column":4},"end":{"line":24,"column":23}},"8":{"start":{"line":25,"column":4},"end":{"line":25,"column":25}},"9":{"start":{"line":135,"column":4},"end":{"line":137,"column":72}},"10":{"start":{"line":144,"column":4},"end":{"line":144,"column":22}},"11":{"start":{"line":145,"column":4},"end":{"line":145,"column":26}},"12":{"start":{"line":147,"column":4},"end":{"line":147,"column":16}},"13":{"start":{"line":152,"column":4},"end":{"line":154,"column":null}},"14":{"start":{"line":153,"column":6},"end":{"line":153,"column":18}},"15":{"start":{"line":157,"column":4},"end":{"line":159,"column":null}},"16":{"start":{"line":158,"column":6},"end":{"line":158,"column":18}},"17":{"start":{"line":162,"column":4},"end":{"line":168,"column":null}},"18":{"start":{"line":167,"column":6},"end":{"line":167,"column":18}},"19":{"start":{"line":172,"column":4},"end":{"line":172,"column":17}},"20":{"start":{"line":176,"column":4},"end":{"line":176,"column":53}},"21":{"start":{"line":180,"column":4},"end":{"line":182,"column":null}},"22":{"start":{"line":181,"column":6},"end":{"line":181,"column":66}},"23":{"start":{"line":184,"column":4},"end":{"line":184,"column":28}},"24":{"start":{"line":185,"column":4},"end":{"line":185,"column":26}},"25":{"start":{"line":186,"column":4},"end":{"line":186,"column":30}},"26":{"start":{"line":187,"column":4},"end":{"line":187,"column":28}},"27":{"start":{"line":188,"column":4},"end":{"line":188,"column":36}},"28":{"start":{"line":189,"column":4},"end":{"line":189,"column":52}},"29":{"start":{"line":190,"column":4},"end":{"line":190,"column":32}},"30":{"start":{"line":191,"column":4},"end":{"line":191,"column":52}},"31":{"start":{"line":193,"column":4},"end":{"line":193,"column":54}},"32":{"start":{"line":193,"column":25},"end":{"line":193,"column":54}},"33":{"start":{"line":194,"column":4},"end":{"line":194,"column":49}},"34":{"start":{"line":194,"column":25},"end":{"line":194,"column":49}},"35":{"start":{"line":195,"column":4},"end":{"line":195,"column":67}},"36":{"start":{"line":195,"column":31},"end":{"line":195,"column":67}},"37":{"start":{"line":196,"column":4},"end":{"line":196,"column":67}},"38":{"start":{"line":196,"column":31},"end":{"line":196,"column":67}},"39":{"start":{"line":197,"column":4},"end":{"line":197,"column":43}},"40":{"start":{"line":197,"column":23},"end":{"line":197,"column":43}},"41":{"start":{"line":198,"column":4},"end":{"line":199,"column":53}},"42":{"start":{"line":199,"column":6},"end":{"line":199,"column":53}},"43":{"start":{"line":201,"column":4},"end":{"line":213,"column":null}},"44":{"start":{"line":202,"column":33},"end":{"line":202,"column":38}},"45":{"start":{"line":204,"column":6},"end":{"line":210,"column":null}},"46":{"start":{"line":205,"column":8},"end":{"line":209,"column":null}},"47":{"start":{"line":206,"column":10},"end":{"line":206,"column":29}},"48":{"start":{"line":207,"column":10},"end":{"line":207,"column":47}},"49":{"start":{"line":208,"column":10},"end":{"line":208,"column":16}},"50":{"start":{"line":212,"column":6},"end":{"line":212,"column":42}},"51":{"start":{"line":212,"column":24},"end":{"line":212,"column":42}},"52":{"start":{"line":215,"column":4},"end":{"line":225,"column":null}},"53":{"start":{"line":216,"column":6},"end":{"line":222,"column":null}},"54":{"start":{"line":217,"column":8},"end":{"line":221,"column":null}},"55":{"start":{"line":218,"column":10},"end":{"line":218,"column":37}},"56":{"start":{"line":219,"column":10},"end":{"line":219,"column":41}},"57":{"start":{"line":220,"column":10},"end":{"line":220,"column":16}},"58":{"start":{"line":224,"column":6},"end":{"line":224,"column":34}},"59":{"start":{"line":227,"column":4},"end":{"line":230,"column":null}},"60":{"start":{"line":228,"column":6},"end":{"line":228,"column":54}},"61":{"start":{"line":229,"column":6},"end":{"line":229,"column":60}},"62":{"start":{"line":232,"column":4},"end":{"line":235,"column":null}},"63":{"start":{"line":233,"column":6},"end":{"line":233,"column":50}},"64":{"start":{"line":234,"column":6},"end":{"line":234,"column":56}},"65":{"start":{"line":237,"column":4},"end":{"line":237,"column":16}},"66":{"start":{"line":29,"column":2},"end":{"line":29,"column":null}},"67":{"start":{"line":32,"column":2},"end":{"line":32,"column":null}},"68":{"start":{"line":35,"column":2},"end":{"line":35,"column":null}},"69":{"start":{"line":38,"column":2},"end":{"line":38,"column":null}},"70":{"start":{"line":41,"column":2},"end":{"line":41,"column":null}},"71":{"start":{"line":44,"column":2},"end":{"line":44,"column":null}},"72":{"start":{"line":47,"column":2},"end":{"line":47,"column":null}},"73":{"start":{"line":50,"column":2},"end":{"line":50,"column":null}},"74":{"start":{"line":53,"column":2},"end":{"line":53,"column":null}},"75":{"start":{"line":56,"column":2},"end":{"line":56,"column":null}},"76":{"start":{"line":59,"column":2},"end":{"line":59,"column":null}},"77":{"start":{"line":62,"column":2},"end":{"line":62,"column":null}},"78":{"start":{"line":65,"column":2},"end":{"line":65,"column":null}},"79":{"start":{"line":68,"column":2},"end":{"line":68,"column":null}},"80":{"start":{"line":71,"column":2},"end":{"line":71,"column":null}},"81":{"start":{"line":74,"column":2},"end":{"line":74,"column":null}},"82":{"start":{"line":77,"column":2},"end":{"line":77,"column":null}},"83":{"start":{"line":80,"column":2},"end":{"line":80,"column":null}},"84":{"start":{"line":83,"column":2},"end":{"line":83,"column":null}},"85":{"start":{"line":86,"column":2},"end":{"line":86,"column":null}},"86":{"start":{"line":89,"column":2},"end":{"line":89,"column":null}},"87":{"start":{"line":92,"column":2},"end":{"line":92,"column":null}},"88":{"start":{"line":95,"column":2},"end":{"line":95,"column":null}},"89":{"start":{"line":98,"column":2},"end":{"line":98,"column":null}},"90":{"start":{"line":101,"column":2},"end":{"line":101,"column":null}},"91":{"start":{"line":104,"column":2},"end":{"line":104,"column":null}},"92":{"start":{"line":107,"column":2},"end":{"line":107,"column":null}},"93":{"start":{"line":110,"column":2},"end":{"line":110,"column":null}},"94":{"start":{"line":113,"column":2},"end":{"line":113,"column":null}},"95":{"start":{"line":119,"column":2},"end":{"line":119,"column":null}},"96":{"start":{"line":115,"column":21},"end":{"line":115,"column":25}},"97":{"start":{"line":115,"column":35},"end":{"line":115,"column":50}},"98":{"start":{"line":122,"column":2},"end":{"line":122,"column":null}},"99":{"start":{"line":125,"column":2},"end":{"line":125,"column":null}},"100":{"start":{"line":19,"column":13},"end":{"line":239,"column":null}},"101":{"start":{"line":19,"column":13},"end":{"line":19,"column":22}}},"fnMap":{"0":{"name":"(anonymous_2)","decl":{"start":{"line":20,"column":2},"end":{"line":20,"column":14}},"loc":{"start":{"line":20,"column":63},"end":{"line":26,"column":3}}},"1":{"name":"(anonymous_3)","decl":{"start":{"line":134,"column":2},"end":{"line":134,"column":8}},"loc":{"start":{"line":134,"column":8},"end":{"line":138,"column":3}}},"2":{"name":"(anonymous_4)","decl":{"start":{"line":143,"column":2},"end":{"line":143,"column":13}},"loc":{"start":{"line":143,"column":13},"end":{"line":148,"column":3}}},"3":{"name":"(anonymous_5)","decl":{"start":{"line":150,"column":2},"end":{"line":150,"column":14}},"loc":{"start":{"line":150,"column":38},"end":{"line":173,"column":3}}},"4":{"name":"(anonymous_6)","decl":{"start":{"line":175,"column":2},"end":{"line":175,"column":17}},"loc":{"start":{"line":175,"column":37},"end":{"line":177,"column":3}}},"5":{"name":"(anonymous_7)","decl":{"start":{"line":179,"column":2},"end":{"line":179,"column":11}},"loc":{"start":{"line":179,"column":35},"end":{"line":238,"column":3}}},"6":{"name":"(anonymous_8)","decl":{"start":{"line":115,"column":13},"end":{"line":115,"column":17}},"loc":{"start":{"line":115,"column":21},"end":{"line":115,"column":25}}},"7":{"name":"(anonymous_9)","decl":{"start":{"line":115,"column":27},"end":{"line":115,"column":31}},"loc":{"start":{"line":115,"column":35},"end":{"line":115,"column":50}}}},"branchMap":{"0":{"loc":{"start":{"line":152,"column":4},"end":{"line":154,"column":null}},"type":"if","locations":[{"start":{"line":152,"column":4},"end":{"line":154,"column":null}},{"start":{"line":152,"column":4},"end":{"line":154,"column":null}}]},"1":{"loc":{"start":{"line":152,"column":8},"end":{"line":152,"column":18}},"type":"binary-expr","locations":[{"start":{"line":152,"column":8},"end":{"line":152,"column":18}},{"start":{"line":152,"column":22},"end":{"line":152,"column":32}},{"start":{"line":152,"column":36},"end":{"line":152,"column":60}}]},"2":{"loc":{"start":{"line":157,"column":4},"end":{"line":159,"column":null}},"type":"if","locations":[{"start":{"line":157,"column":4},"end":{"line":159,"column":null}},{"start":{"line":157,"column":4},"end":{"line":159,"column":null}}]},"3":{"loc":{"start":{"line":157,"column":8},"end":{"line":157,"column":18}},"type":"binary-expr","locations":[{"start":{"line":157,"column":8},"end":{"line":157,"column":18}},{"start":{"line":157,"column":22},"end":{"line":157,"column":32}},{"start":{"line":157,"column":36},"end":{"line":157,"column":59}}]},"4":{"loc":{"start":{"line":162,"column":4},"end":{"line":168,"column":null}},"type":"if","locations":[{"start":{"line":162,"column":4},"end":{"line":168,"column":null}},{"start":{"line":162,"column":4},"end":{"line":168,"column":null}}]},"5":{"loc":{"start":{"line":163,"column":6},"end":{"line":163,"column":25}},"type":"binary-expr","locations":[{"start":{"line":163,"column":6},"end":{"line":163,"column":25}},{"start":{"line":164,"column":6},"end":{"line":164,"column":30}},{"start":{"line":165,"column":6},"end":{"line":165,"column":52}}]},"6":{"loc":{"start":{"line":180,"column":4},"end":{"line":182,"column":null}},"type":"if","locations":[{"start":{"line":180,"column":4},"end":{"line":182,"column":null}},{"start":{"line":180,"column":4},"end":{"line":182,"column":null}}]},"7":{"loc":{"start":{"line":193,"column":4},"end":{"line":193,"column":54}},"type":"if","locations":[{"start":{"line":193,"column":4},"end":{"line":193,"column":54}},{"start":{"line":193,"column":4},"end":{"line":193,"column":54}}]},"8":{"loc":{"start":{"line":194,"column":4},"end":{"line":194,"column":49}},"type":"if","locations":[{"start":{"line":194,"column":4},"end":{"line":194,"column":49}},{"start":{"line":194,"column":4},"end":{"line":194,"column":49}}]},"9":{"loc":{"start":{"line":195,"column":4},"end":{"line":195,"column":67}},"type":"if","locations":[{"start":{"line":195,"column":4},"end":{"line":195,"column":67}},{"start":{"line":195,"column":4},"end":{"line":195,"column":67}}]},"10":{"loc":{"start":{"line":196,"column":4},"end":{"line":196,"column":67}},"type":"if","locations":[{"start":{"line":196,"column":4},"end":{"line":196,"column":67}},{"start":{"line":196,"column":4},"end":{"line":196,"column":67}}]},"11":{"loc":{"start":{"line":197,"column":4},"end":{"line":197,"column":43}},"type":"if","locations":[{"start":{"line":197,"column":4},"end":{"line":197,"column":43}},{"start":{"line":197,"column":4},"end":{"line":197,"column":43}}]},"12":{"loc":{"start":{"line":198,"column":4},"end":{"line":199,"column":53}},"type":"if","locations":[{"start":{"line":198,"column":4},"end":{"line":199,"column":53}},{"start":{"line":198,"column":4},"end":{"line":199,"column":53}}]},"13":{"loc":{"start":{"line":201,"column":4},"end":{"line":213,"column":null}},"type":"if","locations":[{"start":{"line":201,"column":4},"end":{"line":213,"column":null}},{"start":{"line":201,"column":4},"end":{"line":213,"column":null}}]},"14":{"loc":{"start":{"line":205,"column":8},"end":{"line":209,"column":null}},"type":"if","locations":[{"start":{"line":205,"column":8},"end":{"line":209,"column":null}},{"start":{"line":205,"column":8},"end":{"line":209,"column":null}}]},"15":{"loc":{"start":{"line":212,"column":6},"end":{"line":212,"column":42}},"type":"if","locations":[{"start":{"line":212,"column":6},"end":{"line":212,"column":42}},{"start":{"line":212,"column":6},"end":{"line":212,"column":42}}]},"16":{"loc":{"start":{"line":215,"column":4},"end":{"line":225,"column":null}},"type":"if","locations":[{"start":{"line":215,"column":4},"end":{"line":225,"column":null}},{"start":{"line":215,"column":4},"end":{"line":225,"column":null}}]},"17":{"loc":{"start":{"line":217,"column":8},"end":{"line":221,"column":null}},"type":"if","locations":[{"start":{"line":217,"column":8},"end":{"line":221,"column":null}},{"start":{"line":217,"column":8},"end":{"line":221,"column":null}}]},"18":{"loc":{"start":{"line":227,"column":4},"end":{"line":230,"column":null}},"type":"if","locations":[{"start":{"line":227,"column":4},"end":{"line":230,"column":null}},{"start":{"line":227,"column":4},"end":{"line":230,"column":null}}]},"19":{"loc":{"start":{"line":232,"column":4},"end":{"line":235,"column":null}},"type":"if","locations":[{"start":{"line":232,"column":4},"end":{"line":235,"column":null}},{"start":{"line":232,"column":4},"end":{"line":235,"column":null}}]}},"s":{"0":4,"1":4,"2":4,"3":4,"4":4,"5":0,"6":0,"7":0,"8":0,"9":0,"10":0,"11":0,"12":0,"13":0,"14":0,"15":0,"16":0,"17":0,"18":0,"19":0,"20":0,"21":0,"22":0,"23":0,"24":0,"25":0,"26":0,"27":0,"28":0,"29":0,"30":0,"31":0,"32":0,"33":0,"34":0,"35":0,"36":0,"37":0,"38":0,"39":0,"40":0,"41":0,"42":0,"43":0,"44":0,"45":0,"46":0,"47":0,"48":0,"49":0,"50":0,"51":0,"52":0,"53":0,"54":0,"55":0,"56":0,"57":0,"58":0,"59":0,"60":0,"61":0,"62":0,"63":0,"64":0,"65":0,"66":4,"67":4,"68":4,"69":4,"70":4,"71":4,"72":4,"73":4,"74":4,"75":4,"76":4,"77":4,"78":4,"79":4,"80":4,"81":4,"82":4,"83":4,"84":4,"85":4,"86":4,"87":4,"88":4,"89":4,"90":4,"91":4,"92":4,"93":4,"94":4,"95":4,"96":0,"97":0,"98":4,"99":4,"100":4,"101":4},"f":{"0":0,"1":0,"2":0,"3":0,"4":0,"5":0,"6":0,"7":0},"b":{"0":[0,0],"1":[0,0,0],"2":[0,0],"3":[0,0,0],"4":[0,0],"5":[0,0,0],"6":[0,0],"7":[0,0],"8":[0,0],"9":[0,0],"10":[0,0],"11":[0,0],"12":[0,0],"13":[0,0],"14":[0,0],"15":[0,0],"16":[0,0],"17":[0,0],"18":[0,0],"19":[0,0]}}
,"/mnt/d/User/Documents/GitHub/rbp-backend/src/warcraft/interfaces/realm.enum.ts": {"path":"/mnt/d/User/Documents/GitHub/rbp-backend/src/warcraft/interfaces/realm.enum.ts","statementMap":{"0":{"start":{"line":1,"column":0},"end":{"line":1,"column":null}},"1":{"start":{"line":2,"column":2},"end":{"line":2,"column":null}},"2":{"start":{"line":3,"column":2},"end":{"line":3,"column":null}},"3":{"start":{"line":4,"column":2},"end":{"line":4,"column":null}},"4":{"start":{"line":5,"column":2},"end":{"line":5,"column":null}},"5":{"start":{"line":6,"column":2},"end":{"line":6,"column":null}},"6":{"start":{"line":7,"column":2},"end":{"line":7,"column":null}},"7":{"start":{"line":8,"column":2},"end":{"line":8,"column":null}},"8":{"start":{"line":9,"column":2},"end":{"line":9,"column":null}},"9":{"start":{"line":10,"column":2},"end":{"line":10,"column":null}},"10":{"start":{"line":11,"column":2},"end":{"line":11,"column":null}},"11":{"start":{"line":12,"column":2},"end":{"line":12,"column":null}},"12":{"start":{"line":13,"column":2},"end":{"line":13,"column":null}},"13":{"start":{"line":14,"column":2},"end":{"line":14,"column":null}},"14":{"start":{"line":15,"column":2},"end":{"line":15,"column":null}},"15":{"start":{"line":16,"column":2},"end":{"line":16,"column":null}},"16":{"start":{"line":17,"column":2},"end":{"line":17,"column":null}},"17":{"start":{"line":18,"column":2},"end":{"line":18,"column":null}},"18":{"start":{"line":19,"column":2},"end":{"line":19,"column":null}},"19":{"start":{"line":20,"column":2},"end":{"line":20,"column":null}},"20":{"start":{"line":21,"column":2},"end":{"line":21,"column":null}},"21":{"start":{"line":22,"column":2},"end":{"line":22,"column":null}},"22":{"start":{"line":23,"column":2},"end":{"line":23,"column":null}},"23":{"start":{"line":24,"column":2},"end":{"line":24,"column":null}},"24":{"start":{"line":25,"column":2},"end":{"line":25,"column":null}},"25":{"start":{"line":26,"column":2},"end":{"line":26,"column":null}},"26":{"start":{"line":27,"column":2},"end":{"line":27,"column":null}},"27":{"start":{"line":28,"column":2},"end":{"line":28,"column":null}},"28":{"start":{"line":29,"column":2},"end":{"line":29,"column":null}},"29":{"start":{"line":30,"column":2},"end":{"line":30,"column":null}},"30":{"start":{"line":31,"column":2},"end":{"line":31,"column":null}},"31":{"start":{"line":32,"column":2},"end":{"line":32,"column":null}},"32":{"start":{"line":33,"column":2},"end":{"line":33,"column":null}},"33":{"start":{"line":34,"column":2},"end":{"line":34,"column":null}},"34":{"start":{"line":35,"column":2},"end":{"line":35,"column":null}},"35":{"start":{"line":36,"column":2},"end":{"line":36,"column":null}},"36":{"start":{"line":37,"column":2},"end":{"line":37,"column":null}},"37":{"start":{"line":38,"column":2},"end":{"line":38,"column":null}},"38":{"start":{"line":39,"column":2},"end":{"line":39,"column":null}},"39":{"start":{"line":40,"column":2},"end":{"line":40,"column":null}},"40":{"start":{"line":41,"column":2},"end":{"line":41,"column":null}},"41":{"start":{"line":42,"column":2},"end":{"line":42,"column":null}},"42":{"start":{"line":43,"column":2},"end":{"line":43,"column":null}},"43":{"start":{"line":44,"column":2},"end":{"line":44,"column":null}},"44":{"start":{"line":45,"column":2},"end":{"line":45,"column":null}},"45":{"start":{"line":46,"column":2},"end":{"line":46,"column":null}},"46":{"start":{"line":47,"column":2},"end":{"line":47,"column":null}},"47":{"start":{"line":48,"column":2},"end":{"line":48,"column":null}},"48":{"start":{"line":49,"column":2},"end":{"line":49,"column":null}},"49":{"start":{"line":50,"column":2},"end":{"line":50,"column":null}},"50":{"start":{"line":51,"column":2},"end":{"line":51,"column":null}},"51":{"start":{"line":52,"column":2},"end":{"line":52,"column":null}},"52":{"start":{"line":53,"column":2},"end":{"line":53,"column":null}},"53":{"start":{"line":54,"column":2},"end":{"line":54,"column":null}},"54":{"start":{"line":55,"column":2},"end":{"line":55,"column":null}},"55":{"start":{"line":56,"column":2},"end":{"line":56,"column":null}},"56":{"start":{"line":57,"column":2},"end":{"line":57,"column":null}},"57":{"start":{"line":58,"column":2},"end":{"line":58,"column":null}},"58":{"start":{"line":59,"column":2},"end":{"line":59,"column":null}},"59":{"start":{"line":60,"column":2},"end":{"line":60,"column":null}},"60":{"start":{"line":61,"column":2},"end":{"line":61,"column":null}},"61":{"start":{"line":62,"column":2},"end":{"line":62,"column":null}},"62":{"start":{"line":63,"column":2},"end":{"line":63,"column":null}},"63":{"start":{"line":64,"column":2},"end":{"line":64,"column":null}},"64":{"start":{"line":65,"column":2},"end":{"line":65,"column":null}},"65":{"start":{"line":66,"column":2},"end":{"line":66,"column":null}},"66":{"start":{"line":67,"column":2},"end":{"line":67,"column":null}},"67":{"start":{"line":68,"column":2},"end":{"line":68,"column":null}},"68":{"start":{"line":69,"column":2},"end":{"line":69,"column":null}},"69":{"start":{"line":70,"column":2},"end":{"line":70,"column":null}},"70":{"start":{"line":71,"column":2},"end":{"line":71,"column":null}},"71":{"start":{"line":72,"column":2},"end":{"line":72,"column":null}},"72":{"start":{"line":73,"column":2},"end":{"line":73,"column":null}},"73":{"start":{"line":74,"column":2},"end":{"line":74,"column":null}},"74":{"start":{"line":75,"column":2},"end":{"line":75,"column":null}},"75":{"start":{"line":76,"column":2},"end":{"line":76,"column":null}},"76":{"start":{"line":77,"column":2},"end":{"line":77,"column":null}},"77":{"start":{"line":78,"column":2},"end":{"line":78,"column":null}},"78":{"start":{"line":79,"column":2},"end":{"line":79,"column":null}},"79":{"start":{"line":80,"column":2},"end":{"line":80,"column":null}},"80":{"start":{"line":81,"column":2},"end":{"line":81,"column":null}},"81":{"start":{"line":82,"column":2},"end":{"line":82,"column":null}},"82":{"start":{"line":83,"column":2},"end":{"line":83,"column":null}},"83":{"start":{"line":84,"column":2},"end":{"line":84,"column":null}},"84":{"start":{"line":85,"column":2},"end":{"line":85,"column":null}},"85":{"start":{"line":86,"column":2},"end":{"line":86,"column":null}},"86":{"start":{"line":87,"column":2},"end":{"line":87,"column":null}},"87":{"start":{"line":88,"column":2},"end":{"line":88,"column":null}},"88":{"start":{"line":89,"column":2},"end":{"line":89,"column":null}},"89":{"start":{"line":90,"column":2},"end":{"line":90,"column":null}},"90":{"start":{"line":91,"column":2},"end":{"line":91,"column":null}},"91":{"start":{"line":92,"column":2},"end":{"line":92,"column":null}},"92":{"start":{"line":93,"column":2},"end":{"line":93,"column":null}},"93":{"start":{"line":94,"column":2},"end":{"line":94,"column":null}},"94":{"start":{"line":95,"column":2},"end":{"line":95,"column":null}},"95":{"start":{"line":96,"column":2},"end":{"line":96,"column":null}},"96":{"start":{"line":97,"column":2},"end":{"line":97,"column":null}},"97":{"start":{"line":98,"column":2},"end":{"line":98,"column":null}},"98":{"start":{"line":99,"column":2},"end":{"line":99,"column":null}},"99":{"start":{"line":100,"column":2},"end":{"line":100,"column":null}},"100":{"start":{"line":101,"column":2},"end":{"line":101,"column":null}},"101":{"start":{"line":102,"column":2},"end":{"line":102,"column":null}},"102":{"start":{"line":103,"column":2},"end":{"line":103,"column":null}},"103":{"start":{"line":104,"column":2},"end":{"line":104,"column":null}},"104":{"start":{"line":105,"column":2},"end":{"line":105,"column":null}},"105":{"start":{"line":106,"column":2},"end":{"line":106,"column":null}},"106":{"start":{"line":107,"column":2},"end":{"line":107,"column":null}},"107":{"start":{"line":108,"column":2},"end":{"line":108,"column":null}},"108":{"start":{"line":109,"column":2},"end":{"line":109,"column":null}},"109":{"start":{"line":110,"column":2},"end":{"line":110,"column":null}},"110":{"start":{"line":111,"column":2},"end":{"line":111,"column":null}},"111":{"start":{"line":112,"column":2},"end":{"line":112,"column":null}},"112":{"start":{"line":113,"column":2},"end":{"line":113,"column":null}},"113":{"start":{"line":114,"column":2},"end":{"line":114,"column":null}},"114":{"start":{"line":115,"column":2},"end":{"line":115,"column":null}},"115":{"start":{"line":116,"column":2},"end":{"line":116,"column":null}},"116":{"start":{"line":117,"column":2},"end":{"line":117,"column":null}},"117":{"start":{"line":118,"column":2},"end":{"line":118,"column":null}},"118":{"start":{"line":119,"column":2},"end":{"line":119,"column":null}},"119":{"start":{"line":120,"column":2},"end":{"line":120,"column":null}},"120":{"start":{"line":121,"column":2},"end":{"line":121,"column":null}},"121":{"start":{"line":122,"column":2},"end":{"line":122,"column":null}},"122":{"start":{"line":123,"column":2},"end":{"line":123,"column":null}},"123":{"start":{"line":124,"column":2},"end":{"line":124,"column":null}},"124":{"start":{"line":125,"column":2},"end":{"line":125,"column":null}},"125":{"start":{"line":126,"column":2},"end":{"line":126,"column":null}},"126":{"start":{"line":127,"column":2},"end":{"line":127,"column":null}},"127":{"start":{"line":128,"column":2},"end":{"line":128,"column":null}},"128":{"start":{"line":129,"column":2},"end":{"line":129,"column":null}},"129":{"start":{"line":130,"column":2},"end":{"line":130,"column":null}},"130":{"start":{"line":131,"column":2},"end":{"line":131,"column":null}},"131":{"start":{"line":132,"column":2},"end":{"line":132,"column":null}},"132":{"start":{"line":133,"column":2},"end":{"line":133,"column":null}},"133":{"start":{"line":134,"column":2},"end":{"line":134,"column":null}},"134":{"start":{"line":135,"column":2},"end":{"line":135,"column":null}},"135":{"start":{"line":136,"column":2},"end":{"line":136,"column":null}},"136":{"start":{"line":137,"column":2},"end":{"line":137,"column":null}},"137":{"start":{"line":138,"column":2},"end":{"line":138,"column":null}},"138":{"start":{"line":139,"column":2},"end":{"line":139,"column":null}},"139":{"start":{"line":140,"column":2},"end":{"line":140,"column":null}},"140":{"start":{"line":141,"column":2},"end":{"line":141,"column":null}},"141":{"start":{"line":142,"column":2},"end":{"line":142,"column":null}},"142":{"start":{"line":143,"column":2},"end":{"line":143,"column":null}},"143":{"start":{"line":144,"column":2},"end":{"line":144,"column":null}},"144":{"start":{"line":145,"column":2},"end":{"line":145,"column":null}},"145":{"start":{"line":146,"column":2},"end":{"line":146,"column":null}},"146":{"start":{"line":147,"column":2},"end":{"line":147,"column":null}},"147":{"start":{"line":148,"column":2},"end":{"line":148,"column":null}},"148":{"start":{"line":149,"column":2},"end":{"line":149,"column":null}},"149":{"start":{"line":150,"column":2},"end":{"line":150,"column":null}},"150":{"start":{"line":151,"column":2},"end":{"line":151,"column":null}},"151":{"start":{"line":152,"column":2},"end":{"line":152,"column":null}},"152":{"start":{"line":153,"column":2},"end":{"line":153,"column":null}},"153":{"start":{"line":154,"column":2},"end":{"line":154,"column":null}},"154":{"start":{"line":155,"column":2},"end":{"line":155,"column":null}},"155":{"start":{"line":156,"column":2},"end":{"line":156,"column":null}},"156":{"start":{"line":157,"column":2},"end":{"line":157,"column":null}},"157":{"start":{"line":158,"column":2},"end":{"line":158,"column":null}},"158":{"start":{"line":159,"column":2},"end":{"line":159,"column":null}},"159":{"start":{"line":160,"column":2},"end":{"line":160,"column":null}},"160":{"start":{"line":161,"column":2},"end":{"line":161,"column":null}},"161":{"start":{"line":162,"column":2},"end":{"line":162,"column":null}},"162":{"start":{"line":163,"column":2},"end":{"line":163,"column":null}},"163":{"start":{"line":164,"column":2},"end":{"line":164,"column":null}},"164":{"start":{"line":165,"column":2},"end":{"line":165,"column":null}},"165":{"start":{"line":166,"column":2},"end":{"line":166,"column":null}},"166":{"start":{"line":167,"column":2},"end":{"line":167,"column":null}},"167":{"start":{"line":168,"column":2},"end":{"line":168,"column":null}},"168":{"start":{"line":169,"column":2},"end":{"line":169,"column":null}},"169":{"start":{"line":170,"column":2},"end":{"line":170,"column":null}},"170":{"start":{"line":171,"column":2},"end":{"line":171,"column":null}},"171":{"start":{"line":172,"column":2},"end":{"line":172,"column":null}},"172":{"start":{"line":173,"column":2},"end":{"line":173,"column":null}},"173":{"start":{"line":174,"column":2},"end":{"line":174,"column":null}},"174":{"start":{"line":175,"column":2},"end":{"line":175,"column":null}},"175":{"start":{"line":176,"column":2},"end":{"line":176,"column":null}},"176":{"start":{"line":177,"column":2},"end":{"line":177,"column":null}},"177":{"start":{"line":178,"column":2},"end":{"line":178,"column":null}},"178":{"start":{"line":179,"column":2},"end":{"line":179,"column":null}},"179":{"start":{"line":180,"column":2},"end":{"line":180,"column":null}},"180":{"start":{"line":181,"column":2},"end":{"line":181,"column":null}},"181":{"start":{"line":182,"column":2},"end":{"line":182,"column":null}},"182":{"start":{"line":183,"column":2},"end":{"line":183,"column":null}},"183":{"start":{"line":184,"column":2},"end":{"line":184,"column":null}},"184":{"start":{"line":185,"column":2},"end":{"line":185,"column":null}},"185":{"start":{"line":186,"column":2},"end":{"line":186,"column":null}},"186":{"start":{"line":187,"column":2},"end":{"line":187,"column":null}},"187":{"start":{"line":188,"column":2},"end":{"line":188,"column":null}},"188":{"start":{"line":189,"column":2},"end":{"line":189,"column":null}},"189":{"start":{"line":190,"column":2},"end":{"line":190,"column":null}},"190":{"start":{"line":191,"column":2},"end":{"line":191,"column":null}},"191":{"start":{"line":192,"column":2},"end":{"line":192,"column":null}},"192":{"start":{"line":193,"column":2},"end":{"line":193,"column":null}},"193":{"start":{"line":194,"column":2},"end":{"line":194,"column":null}},"194":{"start":{"line":195,"column":2},"end":{"line":195,"column":null}},"195":{"start":{"line":196,"column":2},"end":{"line":196,"column":null}},"196":{"start":{"line":197,"column":2},"end":{"line":197,"column":null}},"197":{"start":{"line":198,"column":2},"end":{"line":198,"column":null}},"198":{"start":{"line":199,"column":2},"end":{"line":199,"column":null}},"199":{"start":{"line":200,"column":2},"end":{"line":200,"column":null}},"200":{"start":{"line":201,"column":2},"end":{"line":201,"column":null}},"201":{"start":{"line":202,"column":2},"end":{"line":202,"column":null}},"202":{"start":{"line":203,"column":2},"end":{"line":203,"column":null}},"203":{"start":{"line":204,"column":2},"end":{"line":204,"column":null}},"204":{"start":{"line":205,"column":2},"end":{"line":205,"column":null}},"205":{"start":{"line":206,"column":2},"end":{"line":206,"column":null}},"206":{"start":{"line":207,"column":2},"end":{"line":207,"column":null}},"207":{"start":{"line":208,"column":2},"end":{"line":208,"column":null}},"208":{"start":{"line":209,"column":2},"end":{"line":209,"column":null}},"209":{"start":{"line":210,"column":2},"end":{"line":210,"column":null}},"210":{"start":{"line":211,"column":2},"end":{"line":211,"column":null}},"211":{"start":{"line":212,"column":2},"end":{"line":212,"column":null}},"212":{"start":{"line":213,"column":2},"end":{"line":213,"column":null}},"213":{"start":{"line":214,"column":2},"end":{"line":214,"column":null}},"214":{"start":{"line":215,"column":2},"end":{"line":215,"column":null}},"215":{"start":{"line":216,"column":2},"end":{"line":216,"column":null}},"216":{"start":{"line":217,"column":2},"end":{"line":217,"column":null}},"217":{"start":{"line":218,"column":2},"end":{"line":218,"column":null}},"218":{"start":{"line":219,"column":2},"end":{"line":219,"column":null}},"219":{"start":{"line":220,"column":2},"end":{"line":220,"column":null}},"220":{"start":{"line":221,"column":2},"end":{"line":221,"column":null}},"221":{"start":{"line":222,"column":2},"end":{"line":222,"column":null}},"222":{"start":{"line":223,"column":2},"end":{"line":223,"column":null}},"223":{"start":{"line":224,"column":2},"end":{"line":224,"column":null}},"224":{"start":{"line":225,"column":2},"end":{"line":225,"column":null}},"225":{"start":{"line":226,"column":2},"end":{"line":226,"column":null}},"226":{"start":{"line":227,"column":2},"end":{"line":227,"column":null}},"227":{"start":{"line":228,"column":2},"end":{"line":228,"column":null}},"228":{"start":{"line":229,"column":2},"end":{"line":229,"column":null}},"229":{"start":{"line":230,"column":2},"end":{"line":230,"column":null}},"230":{"start":{"line":231,"column":2},"end":{"line":231,"column":null}},"231":{"start":{"line":232,"column":2},"end":{"line":232,"column":null}},"232":{"start":{"line":233,"column":2},"end":{"line":233,"column":null}},"233":{"start":{"line":234,"column":2},"end":{"line":234,"column":null}},"234":{"start":{"line":235,"column":2},"end":{"line":235,"column":null}},"235":{"start":{"line":236,"column":2},"end":{"line":236,"column":null}},"236":{"start":{"line":237,"column":2},"end":{"line":237,"column":null}},"237":{"start":{"line":238,"column":2},"end":{"line":238,"column":null}},"238":{"start":{"line":239,"column":2},"end":{"line":239,"column":null}},"239":{"start":{"line":240,"column":2},"end":{"line":240,"column":null}},"240":{"start":{"line":241,"column":2},"end":{"line":241,"column":null}},"241":{"start":{"line":242,"column":2},"end":{"line":242,"column":null}},"242":{"start":{"line":243,"column":2},"end":{"line":243,"column":null}},"243":{"start":{"line":244,"column":2},"end":{"line":244,"column":null}},"244":{"start":{"line":245,"column":2},"end":{"line":245,"column":null}},"245":{"start":{"line":246,"column":2},"end":{"line":246,"column":null}},"246":{"start":{"line":247,"column":2},"end":{"line":247,"column":null}},"247":{"start":{"line":250,"column":0},"end":{"line":250,"column":null}},"248":{"start":{"line":251,"column":2},"end":{"line":251,"column":null}},"249":{"start":{"line":252,"column":2},"end":{"line":252,"column":null}},"250":{"start":{"line":253,"column":2},"end":{"line":253,"column":null}},"251":{"start":{"line":254,"column":2},"end":{"line":254,"column":null}},"252":{"start":{"line":255,"column":2},"end":{"line":255,"column":null}},"253":{"start":{"line":256,"column":2},"end":{"line":256,"column":null}},"254":{"start":{"line":257,"column":2},"end":{"line":257,"column":null}},"255":{"start":{"line":258,"column":2},"end":{"line":258,"column":null}},"256":{"start":{"line":259,"column":2},"end":{"line":259,"column":null}},"257":{"start":{"line":260,"column":2},"end":{"line":260,"column":null}},"258":{"start":{"line":261,"column":2},"end":{"line":261,"column":null}},"259":{"start":{"line":262,"column":2},"end":{"line":262,"column":null}},"260":{"start":{"line":263,"column":2},"end":{"line":263,"column":null}},"261":{"start":{"line":264,"column":2},"end":{"line":264,"column":null}},"262":{"start":{"line":265,"column":2},"end":{"line":265,"column":null}},"263":{"start":{"line":266,"column":2},"end":{"line":266,"column":null}},"264":{"start":{"line":267,"column":2},"end":{"line":267,"column":null}},"265":{"start":{"line":268,"column":2},"end":{"line":268,"column":null}},"266":{"start":{"line":269,"column":2},"end":{"line":269,"column":null}},"267":{"start":{"line":270,"column":2},"end":{"line":270,"column":null}},"268":{"start":{"line":271,"column":2},"end":{"line":271,"column":null}},"269":{"start":{"line":272,"column":2},"end":{"line":272,"column":null}},"270":{"start":{"line":273,"column":2},"end":{"line":273,"column":null}},"271":{"start":{"line":274,"column":2},"end":{"line":274,"column":null}},"272":{"start":{"line":275,"column":2},"end":{"line":275,"column":null}},"273":{"start":{"line":276,"column":2},"end":{"line":276,"column":null}},"274":{"start":{"line":277,"column":2},"end":{"line":277,"column":null}},"275":{"start":{"line":278,"column":2},"end":{"line":278,"column":null}},"276":{"start":{"line":279,"column":2},"end":{"line":279,"column":null}},"277":{"start":{"line":280,"column":2},"end":{"line":280,"column":null}},"278":{"start":{"line":281,"column":2},"end":{"line":281,"column":null}},"279":{"start":{"line":282,"column":2},"end":{"line":282,"column":null}},"280":{"start":{"line":283,"column":2},"end":{"line":283,"column":null}},"281":{"start":{"line":284,"column":2},"end":{"line":284,"column":null}},"282":{"start":{"line":285,"column":2},"end":{"line":285,"column":null}},"283":{"start":{"line":286,"column":2},"end":{"line":286,"column":null}},"284":{"start":{"line":287,"column":2},"end":{"line":287,"column":null}},"285":{"start":{"line":288,"column":2},"end":{"line":288,"column":null}},"286":{"start":{"line":289,"column":2},"end":{"line":289,"column":null}},"287":{"start":{"line":290,"column":2},"end":{"line":290,"column":null}},"288":{"start":{"line":291,"column":2},"end":{"line":291,"column":null}},"289":{"start":{"line":292,"column":2},"end":{"line":292,"column":null}},"290":{"start":{"line":293,"column":2},"end":{"line":293,"column":null}},"291":{"start":{"line":294,"column":2},"end":{"line":294,"column":null}},"292":{"start":{"line":295,"column":2},"end":{"line":295,"column":null}},"293":{"start":{"line":296,"column":2},"end":{"line":296,"column":null}},"294":{"start":{"line":297,"column":2},"end":{"line":297,"column":null}},"295":{"start":{"line":298,"column":2},"end":{"line":298,"column":null}},"296":{"start":{"line":299,"column":2},"end":{"line":299,"column":null}},"297":{"start":{"line":300,"column":2},"end":{"line":300,"column":null}},"298":{"start":{"line":301,"column":2},"end":{"line":301,"column":null}},"299":{"start":{"line":302,"column":2},"end":{"line":302,"column":null}},"300":{"start":{"line":303,"column":2},"end":{"line":303,"column":null}},"301":{"start":{"line":304,"column":2},"end":{"line":304,"column":null}},"302":{"start":{"line":305,"column":2},"end":{"line":305,"column":null}},"303":{"start":{"line":306,"column":2},"end":{"line":306,"column":null}},"304":{"start":{"line":307,"column":2},"end":{"line":307,"column":null}},"305":{"start":{"line":308,"column":2},"end":{"line":308,"column":null}},"306":{"start":{"line":309,"column":2},"end":{"line":309,"column":null}},"307":{"start":{"line":310,"column":2},"end":{"line":310,"column":null}},"308":{"start":{"line":311,"column":2},"end":{"line":311,"column":null}},"309":{"start":{"line":312,"column":2},"end":{"line":312,"column":null}},"310":{"start":{"line":313,"column":2},"end":{"line":313,"column":null}},"311":{"start":{"line":314,"column":2},"end":{"line":314,"column":null}},"312":{"start":{"line":315,"column":2},"end":{"line":315,"column":null}},"313":{"start":{"line":316,"column":2},"end":{"line":316,"column":null}},"314":{"start":{"line":317,"column":2},"end":{"line":317,"column":null}},"315":{"start":{"line":318,"column":2},"end":{"line":318,"column":null}},"316":{"start":{"line":319,"column":2},"end":{"line":319,"column":null}},"317":{"start":{"line":320,"column":2},"end":{"line":320,"column":null}},"318":{"start":{"line":321,"column":2},"end":{"line":321,"column":null}},"319":{"start":{"line":322,"column":2},"end":{"line":322,"column":null}},"320":{"start":{"line":323,"column":2},"end":{"line":323,"column":null}},"321":{"start":{"line":324,"column":2},"end":{"line":324,"column":null}},"322":{"start":{"line":325,"column":2},"end":{"line":325,"column":null}},"323":{"start":{"line":326,"column":2},"end":{"line":326,"column":null}},"324":{"start":{"line":327,"column":2},"end":{"line":327,"column":null}},"325":{"start":{"line":328,"column":2},"end":{"line":328,"column":null}},"326":{"start":{"line":329,"column":2},"end":{"line":329,"column":null}},"327":{"start":{"line":330,"column":2},"end":{"line":330,"column":null}},"328":{"start":{"line":331,"column":2},"end":{"line":331,"column":null}},"329":{"start":{"line":332,"column":2},"end":{"line":332,"column":null}},"330":{"start":{"line":333,"column":2},"end":{"line":333,"column":null}},"331":{"start":{"line":334,"column":2},"end":{"line":334,"column":null}},"332":{"start":{"line":335,"column":2},"end":{"line":335,"column":null}},"333":{"start":{"line":336,"column":2},"end":{"line":336,"column":null}},"334":{"start":{"line":337,"column":2},"end":{"line":337,"column":null}},"335":{"start":{"line":338,"column":2},"end":{"line":338,"column":null}},"336":{"start":{"line":339,"column":2},"end":{"line":339,"column":null}},"337":{"start":{"line":340,"column":2},"end":{"line":340,"column":null}},"338":{"start":{"line":341,"column":2},"end":{"line":341,"column":null}},"339":{"start":{"line":342,"column":2},"end":{"line":342,"column":null}},"340":{"start":{"line":343,"column":2},"end":{"line":343,"column":null}},"341":{"start":{"line":344,"column":2},"end":{"line":344,"column":null}},"342":{"start":{"line":345,"column":2},"end":{"line":345,"column":null}},"343":{"start":{"line":346,"column":2},"end":{"line":346,"column":null}},"344":{"start":{"line":347,"column":2},"end":{"line":347,"column":null}},"345":{"start":{"line":348,"column":2},"end":{"line":348,"column":null}},"346":{"start":{"line":349,"column":2},"end":{"line":349,"column":null}},"347":{"start":{"line":350,"column":2},"end":{"line":350,"column":null}},"348":{"start":{"line":351,"column":2},"end":{"line":351,"column":null}},"349":{"start":{"line":352,"column":2},"end":{"line":352,"column":null}},"350":{"start":{"line":353,"column":2},"end":{"line":353,"column":null}},"351":{"start":{"line":354,"column":2},"end":{"line":354,"column":null}},"352":{"start":{"line":355,"column":2},"end":{"line":355,"column":null}},"353":{"start":{"line":356,"column":2},"end":{"line":356,"column":null}},"354":{"start":{"line":357,"column":2},"end":{"line":357,"column":null}},"355":{"start":{"line":358,"column":2},"end":{"line":358,"column":null}},"356":{"start":{"line":359,"column":2},"end":{"line":359,"column":null}},"357":{"start":{"line":360,"column":2},"end":{"line":360,"column":null}},"358":{"start":{"line":361,"column":2},"end":{"line":361,"column":null}},"359":{"start":{"line":362,"column":2},"end":{"line":362,"column":null}},"360":{"start":{"line":363,"column":2},"end":{"line":363,"column":null}},"361":{"start":{"line":364,"column":2},"end":{"line":364,"column":null}},"362":{"start":{"line":365,"column":2},"end":{"line":365,"column":null}},"363":{"start":{"line":366,"column":2},"end":{"line":366,"column":null}},"364":{"start":{"line":367,"column":2},"end":{"line":367,"column":null}},"365":{"start":{"line":368,"column":2},"end":{"line":368,"column":null}},"366":{"start":{"line":369,"column":2},"end":{"line":369,"column":null}},"367":{"start":{"line":370,"column":2},"end":{"line":370,"column":null}},"368":{"start":{"line":371,"column":2},"end":{"line":371,"column":null}},"369":{"start":{"line":372,"column":2},"end":{"line":372,"column":null}},"370":{"start":{"line":373,"column":2},"end":{"line":373,"column":null}},"371":{"start":{"line":374,"column":2},"end":{"line":374,"column":null}},"372":{"start":{"line":375,"column":2},"end":{"line":375,"column":null}},"373":{"start":{"line":376,"column":2},"end":{"line":376,"column":null}},"374":{"start":{"line":377,"column":2},"end":{"line":377,"column":null}},"375":{"start":{"line":378,"column":2},"end":{"line":378,"column":null}},"376":{"start":{"line":379,"column":2},"end":{"line":379,"column":null}},"377":{"start":{"line":380,"column":2},"end":{"line":380,"column":null}},"378":{"start":{"line":381,"column":2},"end":{"line":381,"column":null}},"379":{"start":{"line":382,"column":2},"end":{"line":382,"column":null}},"380":{"start":{"line":383,"column":2},"end":{"line":383,"column":null}},"381":{"start":{"line":384,"column":2},"end":{"line":384,"column":null}},"382":{"start":{"line":385,"column":2},"end":{"line":385,"column":null}},"383":{"start":{"line":386,"column":2},"end":{"line":386,"column":null}},"384":{"start":{"line":387,"column":2},"end":{"line":387,"column":null}},"385":{"start":{"line":388,"column":2},"end":{"line":388,"column":null}},"386":{"start":{"line":389,"column":2},"end":{"line":389,"column":null}},"387":{"start":{"line":390,"column":2},"end":{"line":390,"column":null}},"388":{"start":{"line":391,"column":2},"end":{"line":391,"column":null}},"389":{"start":{"line":392,"column":2},"end":{"line":392,"column":null}},"390":{"start":{"line":393,"column":2},"end":{"line":393,"column":null}},"391":{"start":{"line":394,"column":2},"end":{"line":394,"column":null}},"392":{"start":{"line":395,"column":2},"end":{"line":395,"column":null}},"393":{"start":{"line":396,"column":2},"end":{"line":396,"column":null}},"394":{"start":{"line":397,"column":2},"end":{"line":397,"column":null}},"395":{"start":{"line":398,"column":2},"end":{"line":398,"column":null}},"396":{"start":{"line":399,"column":2},"end":{"line":399,"column":null}},"397":{"start":{"line":400,"column":2},"end":{"line":400,"column":null}},"398":{"start":{"line":401,"column":2},"end":{"line":401,"column":null}},"399":{"start":{"line":402,"column":2},"end":{"line":402,"column":null}},"400":{"start":{"line":403,"column":2},"end":{"line":403,"column":null}},"401":{"start":{"line":404,"column":2},"end":{"line":404,"column":null}},"402":{"start":{"line":405,"column":2},"end":{"line":405,"column":null}},"403":{"start":{"line":406,"column":2},"end":{"line":406,"column":null}},"404":{"start":{"line":407,"column":2},"end":{"line":407,"column":null}},"405":{"start":{"line":408,"column":2},"end":{"line":408,"column":null}},"406":{"start":{"line":409,"column":2},"end":{"line":409,"column":null}},"407":{"start":{"line":410,"column":2},"end":{"line":410,"column":null}},"408":{"start":{"line":411,"column":2},"end":{"line":411,"column":null}},"409":{"start":{"line":412,"column":2},"end":{"line":412,"column":null}},"410":{"start":{"line":413,"column":2},"end":{"line":413,"column":null}},"411":{"start":{"line":414,"column":2},"end":{"line":414,"column":null}},"412":{"start":{"line":415,"column":2},"end":{"line":415,"column":null}},"413":{"start":{"line":416,"column":2},"end":{"line":416,"column":null}},"414":{"start":{"line":417,"column":2},"end":{"line":417,"column":null}},"415":{"start":{"line":418,"column":2},"end":{"line":418,"column":null}},"416":{"start":{"line":419,"column":2},"end":{"line":419,"column":null}},"417":{"start":{"line":420,"column":2},"end":{"line":420,"column":null}},"418":{"start":{"line":421,"column":2},"end":{"line":421,"column":null}},"419":{"start":{"line":422,"column":2},"end":{"line":422,"column":null}},"420":{"start":{"line":423,"column":2},"end":{"line":423,"column":null}},"421":{"start":{"line":424,"column":2},"end":{"line":424,"column":null}},"422":{"start":{"line":425,"column":2},"end":{"line":425,"column":null}},"423":{"start":{"line":426,"column":2},"end":{"line":426,"column":null}},"424":{"start":{"line":427,"column":2},"end":{"line":427,"column":null}},"425":{"start":{"line":428,"column":2},"end":{"line":428,"column":null}},"426":{"start":{"line":429,"column":2},"end":{"line":429,"column":null}},"427":{"start":{"line":430,"column":2},"end":{"line":430,"column":null}},"428":{"start":{"line":431,"column":2},"end":{"line":431,"column":null}},"429":{"start":{"line":432,"column":2},"end":{"line":432,"column":null}},"430":{"start":{"line":433,"column":2},"end":{"line":433,"column":null}},"431":{"start":{"line":434,"column":2},"end":{"line":434,"column":null}},"432":{"start":{"line":435,"column":2},"end":{"line":435,"column":null}},"433":{"start":{"line":436,"column":2},"end":{"line":436,"column":null}},"434":{"start":{"line":437,"column":2},"end":{"line":437,"column":null}},"435":{"start":{"line":438,"column":2},"end":{"line":438,"column":null}},"436":{"start":{"line":439,"column":2},"end":{"line":439,"column":null}},"437":{"start":{"line":440,"column":2},"end":{"line":440,"column":null}},"438":{"start":{"line":441,"column":2},"end":{"line":441,"column":null}},"439":{"start":{"line":442,"column":2},"end":{"line":442,"column":null}},"440":{"start":{"line":443,"column":2},"end":{"line":443,"column":null}},"441":{"start":{"line":444,"column":2},"end":{"line":444,"column":null}},"442":{"start":{"line":445,"column":2},"end":{"line":445,"column":null}},"443":{"start":{"line":446,"column":2},"end":{"line":446,"column":null}},"444":{"start":{"line":447,"column":2},"end":{"line":447,"column":null}},"445":{"start":{"line":448,"column":2},"end":{"line":448,"column":null}},"446":{"start":{"line":449,"column":2},"end":{"line":449,"column":null}},"447":{"start":{"line":450,"column":2},"end":{"line":450,"column":null}},"448":{"start":{"line":451,"column":2},"end":{"line":451,"column":null}},"449":{"start":{"line":452,"column":2},"end":{"line":452,"column":null}},"450":{"start":{"line":453,"column":2},"end":{"line":453,"column":null}},"451":{"start":{"line":454,"column":2},"end":{"line":454,"column":null}},"452":{"start":{"line":455,"column":2},"end":{"line":455,"column":null}},"453":{"start":{"line":456,"column":2},"end":{"line":456,"column":null}},"454":{"start":{"line":457,"column":2},"end":{"line":457,"column":null}},"455":{"start":{"line":458,"column":2},"end":{"line":458,"column":null}},"456":{"start":{"line":459,"column":2},"end":{"line":459,"column":null}},"457":{"start":{"line":460,"column":2},"end":{"line":460,"column":null}},"458":{"start":{"line":461,"column":2},"end":{"line":461,"column":null}},"459":{"start":{"line":462,"column":2},"end":{"line":462,"column":null}},"460":{"start":{"line":463,"column":2},"end":{"line":463,"column":null}},"461":{"start":{"line":464,"column":2},"end":{"line":464,"column":null}},"462":{"start":{"line":465,"column":2},"end":{"line":465,"column":null}},"463":{"start":{"line":466,"column":2},"end":{"line":466,"column":null}},"464":{"start":{"line":467,"column":2},"end":{"line":467,"column":null}},"465":{"start":{"line":468,"column":2},"end":{"line":468,"column":null}},"466":{"start":{"line":469,"column":2},"end":{"line":469,"column":null}},"467":{"start":{"line":470,"column":2},"end":{"line":470,"column":null}},"468":{"start":{"line":471,"column":2},"end":{"line":471,"column":null}},"469":{"start":{"line":472,"column":2},"end":{"line":472,"column":null}},"470":{"start":{"line":473,"column":2},"end":{"line":473,"column":null}},"471":{"start":{"line":474,"column":2},"end":{"line":474,"column":null}},"472":{"start":{"line":475,"column":2},"end":{"line":475,"column":null}},"473":{"start":{"line":476,"column":2},"end":{"line":476,"column":null}},"474":{"start":{"line":477,"column":2},"end":{"line":477,"column":null}},"475":{"start":{"line":478,"column":2},"end":{"line":478,"column":null}},"476":{"start":{"line":479,"column":2},"end":{"line":479,"column":null}},"477":{"start":{"line":480,"column":2},"end":{"line":480,"column":null}},"478":{"start":{"line":481,"column":2},"end":{"line":481,"column":null}},"479":{"start":{"line":482,"column":2},"end":{"line":482,"column":null}},"480":{"start":{"line":483,"column":2},"end":{"line":483,"column":null}},"481":{"start":{"line":484,"column":2},"end":{"line":484,"column":null}},"482":{"start":{"line":485,"column":2},"end":{"line":485,"column":null}},"483":{"start":{"line":486,"column":2},"end":{"line":486,"column":null}},"484":{"start":{"line":487,"column":2},"end":{"line":487,"column":null}},"485":{"start":{"line":488,"column":2},"end":{"line":488,"column":null}},"486":{"start":{"line":489,"column":2},"end":{"line":489,"column":null}},"487":{"start":{"line":490,"column":2},"end":{"line":490,"column":null}},"488":{"start":{"line":491,"column":2},"end":{"line":491,"column":null}},"489":{"start":{"line":492,"column":2},"end":{"line":492,"column":null}},"490":{"start":{"line":493,"column":2},"end":{"line":493,"column":null}},"491":{"start":{"line":494,"column":2},"end":{"line":494,"column":null}},"492":{"start":{"line":495,"column":2},"end":{"line":495,"column":null}},"493":{"start":{"line":496,"column":2},"end":{"line":496,"column":null}}},"fnMap":{"0":{"name":"(anonymous_0)","decl":{"start":{"line":1,"column":0},"end":{"line":1,"column":12}},"loc":{"start":{"line":1,"column":21},"end":{"line":248,"column":1}}},"1":{"name":"(anonymous_1)","decl":{"start":{"line":250,"column":0},"end":{"line":250,"column":12}},"loc":{"start":{"line":250,"column":21},"end":{"line":497,"column":1}}}},"branchMap":{"0":{"loc":{"start":{"line":1,"column":12},"end":{"line":1,"column":21}},"type":"binary-expr","locations":[{"start":{"line":1,"column":12},"end":{"line":1,"column":21}},{"start":{"line":1,"column":12},"end":{"line":1,"column":null}}]},"1":{"loc":{"start":{"line":250,"column":12},"end":{"line":250,"column":21}},"type":"binary-expr","locations":[{"start":{"line":250,"column":12},"end":{"line":250,"column":21}},{"start":{"line":250,"column":12},"end":{"line":250,"column":null}}]}},"s":{"0":4,"1":4,"2":4,"3":4,"4":4,"5":4,"6":4,"7":4,"8":4,"9":4,"10":4,"11":4,"12":4,"13":4,"14":4,"15":4,"16":4,"17":4,"18":4,"19":4,"20":4,"21":4,"22":4,"23":4,"24":4,"25":4,"26":4,"27":4,"28":4,"29":4,"30":4,"31":4,"32":4,"33":4,"34":4,"35":4,"36":4,"37":4,"38":4,"39":4,"40":4,"41":4,"42":4,"43":4,"44":4,"45":4,"46":4,"47":4,"48":4,"49":4,"50":4,"51":4,"52":4,"53":4,"54":4,"55":4,"56":4,"57":4,"58":4,"59":4,"60":4,"61":4,"62":4,"63":4,"64":4,"65":4,"66":4,"67":4,"68":4,"69":4,"70":4,"71":4,"72":4,"73":4,"74":4,"75":4,"76":4,"77":4,"78":4,"79":4,"80":4,"81":4,"82":4,"83":4,"84":4,"85":4,"86":4,"87":4,"88":4,"89":4,"90":4,"91":4,"92":4,"93":4,"94":4,"95":4,"96":4,"97":4,"98":4,"99":4,"100":4,"101":4,"102":4,"103":4,"104":4,"105":4,"106":4,"107":4,"108":4,"109":4,"110":4,"111":4,"112":4,"113":4,"114":4,"115":4,"116":4,"117":4,"118":4,"119":4,"120":4,"121":4,"122":4,"123":4,"124":4,"125":4,"126":4,"127":4,"128":4,"129":4,"130":4,"131":4,"132":4,"133":4,"134":4,"135":4,"136":4,"137":4,"138":4,"139":4,"140":4,"141":4,"142":4,"143":4,"144":4,"145":4,"146":4,"147":4,"148":4,"149":4,"150":4,"151":4,"152":4,"153":4,"154":4,"155":4,"156":4,"157":4,"158":4,"159":4,"160":4,"161":4,"162":4,"163":4,"164":4,"165":4,"166":4,"167":4,"168":4,"169":4,"170":4,"171":4,"172":4,"173":4,"174":4,"175":4,"176":4,"177":4,"178":4,"179":4,"180":4,"181":4,"182":4,"183":4,"184":4,"185":4,"186":4,"187":4,"188":4,"189":4,"190":4,"191":4,"192":4,"193":4,"194":4,"195":4,"196":4,"197":4,"198":4,"199":4,"200":4,"201":4,"202":4,"203":4,"204":4,"205":4,"206":4,"207":4,"208":4,"209":4,"210":4,"211":4,"212":4,"213":4,"214":4,"215":4,"216":4,"217":4,"218":4,"219":4,"220":4,"221":4,"222":4,"223":4,"224":4,"225":4,"226":4,"227":4,"228":4,"229":4,"230":4,"231":4,"232":4,"233":4,"234":4,"235":4,"236":4,"237":4,"238":4,"239":4,"240":4,"241":4,"242":4,"243":4,"244":4,"245":4,"246":4,"247":4,"248":4,"249":4,"250":4,"251":4,"252":4,"253":4,"254":4,"255":4,"256":4,"257":4,"258":4,"259":4,"260":4,"261":4,"262":4,"263":4,"264":4,"265":4,"266":4,"267":4,"268":4,"269":4,"270":4,"271":4,"272":4,"273":4,"274":4,"275":4,"276":4,"277":4,"278":4,"279":4,"280":4,"281":4,"282":4,"283":4,"284":4,"285":4,"286":4,"287":4,"288":4,"289":4,"290":4,"291":4,"292":4,"293":4,"294":4,"295":4,"296":4,"297":4,"298":4,"299":4,"300":4,"301":4,"302":4,"303":4,"304":4,"305":4,"306":4,"307":4,"308":4,"309":4,"310":4,"311":4,"312":4,"313":4,"314":4,"315":4,"316":4,"317":4,"318":4,"319":4,"320":4,"321":4,"322":4,"323":4,"324":4,"325":4,"326":4,"327":4,"328":4,"329":4,"330":4,"331":4,"332":4,"333":4,"334":4,"335":4,"336":4,"337":4,"338":4,"339":4,"340":4,"341":4,"342":4,"343":4,"344":4,"345":4,"346":4,"347":4,"348":4,"349":4,"350":4,"351":4,"352":4,"353":4,"354":4,"355":4,"356":4,"357":4,"358":4,"359":4,"360":4,"361":4,"362":4,"363":4,"364":4,"365":4,"366":4,"367":4,"368":4,"369":4,"370":4,"371":4,"372":4,"373":4,"374":4,"375":4,"376":4,"377":4,"378":4,"379":4,"380":4,"381":4,"382":4,"383":4,"384":4,"385":4,"386":4,"387":4,"388":4,"389":4,"390":4,"391":4,"392":4,"393":4,"394":4,"395":4,"396":4,"397":4,"398":4,"399":4,"400":4,"401":4,"402":4,"403":4,"404":4,"405":4,"406":4,"407":4,"408":4,"409":4,"410":4,"411":4,"412":4,"413":4,"414":4,"415":4,"416":4,"417":4,"418":4,"419":4,"420":4,"421":4,"422":4,"423":4,"424":4,"425":4,"426":4,"427":4,"428":4,"429":4,"430":4,"431":4,"432":4,"433":4,"434":4,"435":4,"436":4,"437":4,"438":4,"439":4,"440":4,"441":4,"442":4,"443":4,"444":4,"445":4,"446":4,"447":4,"448":4,"449":4,"450":4,"451":4,"452":4,"453":4,"454":4,"455":4,"456":4,"457":4,"458":4,"459":4,"460":4,"461":4,"462":4,"463":4,"464":4,"465":4,"466":4,"467":4,"468":4,"469":4,"470":4,"471":4,"472":4,"473":4,"474":4,"475":4,"476":4,"477":4,"478":4,"479":4,"480":4,"481":4,"482":4,"483":4,"484":4,"485":4,"486":4,"487":4,"488":4,"489":4,"490":4,"491":4,"492":4,"493":4},"f":{"0":4,"1":4},"b":{"0":[4,4],"1":[4,4]}}
}
